[2026-02-07 14:59:11] laravel.EMERGENCY: Unable to create configured logger. Using emergency logger. {"exception":"[object] (InvalidArgumentException(code: 0): Log [] is not defined. at C:/Users/radu/Desktop/side project/GXC/AB Academy/platform/backend/laravel/vendor/laravel/framework/src/Illuminate/Log/LogManager.php:212)
[stacktrace]
#0 C:/Users/radu/Desktop/side project/GXC/AB Academy/platform/backend/laravel/vendor/laravel/framework/src/Illuminate/Log/LogManager.php(137): Illuminate/Log/LogManager->resolve(NULL, NULL)
#1 C:/Users/radu/Desktop/side project/GXC/AB Academy/platform/backend/laravel/vendor/laravel/framework/src/Illuminate/Log/LogManager.php(124): Illuminate/Log/LogManager->get(NULL)
#2 C:/Users/radu/Desktop/side project/GXC/AB Academy/platform/backend/laravel/vendor/laravel/framework/src/Illuminate/Log/LogManager.php(681): Illuminate/Log/LogManager->driver()
#3 C:/Users/radu/Desktop/side project/GXC/AB Academy/platform/backend/laravel/vendor/laravel/framework/src/Illuminate/Foundation/Exceptions/Handler.php(317): Illuminate/Log/LogManager->error('The C://Users//ra...', Array)
#4 C:/Users/radu/Desktop/side project/GXC/AB Academy/platform/backend/laravel/vendor/laravel/framework/src/Illuminate/Foundation/Exceptions/Handler.php(278): Illuminate/Foundation/Exceptions/Handler->reportThrowable(Object(Exception))
#5 C:/Users/radu/Desktop/side project/GXC/AB Academy/platform/backend/laravel/vendor/laravel/framework/src/Illuminate/Foundation/Console/Kernel.php(523): Illuminate/Foundation/Exceptions/Handler->report(Object(Exception))
#6 C:/Users/radu/Desktop/side project/GXC/AB Academy/platform/backend/laravel/vendor/laravel/framework/src/Illuminate/Foundation/Console/Kernel.php(203): Illuminate/Foundation/Console/Kernel->reportException(Object(Exception))
#7 C:/Users/radu/Desktop/side project/GXC/AB Academy/platform/backend/laravel/artisan(12): Illuminate/Foundation/Console/Kernel->handle(Object(Symfony/Component/Console/Input/ArgvInput), Object(Symfony/Component/Console/Output/ConsoleOutput))
#8 {main}
"} 
[2026-02-07 14:59:11] laravel.ERROR: The C:\Users\radu\Desktop\side project\GXC\AB Academy\platform\backend\laravel\bootstrap\cache directory must be present and writable. {"exception":"[object] (Exception(code: 0): The C:\\Users\\radu\\Desktop\\side project\\GXC\\AB Academy\\platform\\backend\\laravel\\bootstrap\\cache directory must be present and writable. at C:/Users/radu/Desktop/side project/GXC/AB Academy/platform/backend/laravel/vendor/laravel/framework/src/Illuminate/Foundation/PackageManifest.php:178)
[stacktrace]
#0 C:/Users/radu/Desktop/side project/GXC/AB Academy/platform/backend/laravel/vendor/laravel/framework/src/Illuminate/Foundation/PackageManifest.php(131): Illuminate/Foundation/PackageManifest->write(Array)
#1 C:/Users/radu/Desktop/side project/GXC/AB Academy/platform/backend/laravel/vendor/laravel/framework/src/Illuminate/Foundation/PackageManifest.php(107): Illuminate/Foundation/PackageManifest->build()
#2 C:/Users/radu/Desktop/side project/GXC/AB Academy/platform/backend/laravel/vendor/laravel/framework/src/Illuminate/Foundation/PackageManifest.php(90): Illuminate/Foundation/PackageManifest->getManifest()
#3 C:/Users/radu/Desktop/side project/GXC/AB Academy/platform/backend/laravel/vendor/laravel/framework/src/Illuminate/Foundation/PackageManifest.php(79): Illuminate/Foundation/PackageManifest->config('aliases')
#4 C:/Users/radu/Desktop/side project/GXC/AB Academy/platform/backend/laravel/vendor/laravel/framework/src/Illuminate/Foundation/Bootstrap/RegisterFacades.php(26): Illuminate/Foundation/PackageManifest->aliases()
#5 C:/Users/radu/Desktop/side project/GXC/AB Academy/platform/backend/laravel/vendor/laravel/framework/src/Illuminate/Foundation/Application.php(286): Illuminate/Foundation/Bootstrap/RegisterFacades->bootstrap(Object(Illuminate/Foundation/Application))
#6 C:/Users/radu/Desktop/side project/GXC/AB Academy/platform/backend/laravel/vendor/laravel/framework/src/Illuminate/Foundation/Console/Kernel.php(447): Illuminate/Foundation/Application->bootstrapWith(Array)
#7 C:/Users/radu/Desktop/side project/GXC/AB Academy/platform/backend/laravel/vendor/laravel/framework/src/Illuminate/Foundation/Console/Kernel.php(199): Illuminate/Foundation/Console/Kernel->bootstrap()
#8 C:/Users/radu/Desktop/side project/GXC/AB Academy/platform/backend/laravel/artisan(12): Illuminate/Foundation/Console/Kernel->handle(Object(Symfony/Component/Console/Input/ArgvInput), Object(Symfony/Component/Console/Output/ConsoleOutput))
#9 {main}
"} 
[2026-02-07 14:59:26] laravel.EMERGENCY: Unable to create configured logger. Using emergency logger. {"exception":"[object] (InvalidArgumentException(code: 0): Log [] is not defined. at C:/Users/radu/Desktop/side project/GXC/AB Academy/platform/backend/laravel/vendor/laravel/framework/src/Illuminate/Log/LogManager.php:212)
[stacktrace]
#0 C:/Users/radu/Desktop/side project/GXC/AB Academy/platform/backend/laravel/vendor/laravel/framework/src/Illuminate/Log/LogManager.php(137): Illuminate/Log/LogManager->resolve(NULL, NULL)
#1 C:/Users/radu/Desktop/side project/GXC/AB Academy/platform/backend/laravel/vendor/laravel/framework/src/Illuminate/Log/LogManager.php(124): Illuminate/Log/LogManager->get(NULL)
#2 C:/Users/radu/Desktop/side project/GXC/AB Academy/platform/backend/laravel/vendor/laravel/framework/src/Illuminate/Log/LogManager.php(681): Illuminate/Log/LogManager->driver()
#3 C:/Users/radu/Desktop/side project/GXC/AB Academy/platform/backend/laravel/vendor/laravel/framework/src/Illuminate/Foundation/Exceptions/Handler.php(317): Illuminate/Log/LogManager->error('The C://Users//ra...', Array)
#4 C:/Users/radu/Desktop/side project/GXC/AB Academy/platform/backend/laravel/vendor/laravel/framework/src/Illuminate/Foundation/Exceptions/Handler.php(278): Illuminate/Foundation/Exceptions/Handler->reportThrowable(Object(Exception))
#5 C:/Users/radu/Desktop/side project/GXC/AB Academy/platform/backend/laravel/vendor/laravel/framework/src/Illuminate/Foundation/Console/Kernel.php(523): Illuminate/Foundation/Exceptions/Handler->report(Object(Exception))
#6 C:/Users/radu/Desktop/side project/GXC/AB Academy/platform/backend/laravel/vendor/laravel/framework/src/Illuminate/Foundation/Console/Kernel.php(203): Illuminate/Foundation/Console/Kernel->reportException(Object(Exception))
#7 C:/Users/radu/Desktop/side project/GXC/AB Academy/platform/backend/laravel/artisan(12): Illuminate/Foundation/Console/Kernel->handle(Object(Symfony/Component/Console/Input/ArgvInput), Object(Symfony/Component/Console/Output/ConsoleOutput))
#8 {main}
"} 
[2026-02-07 14:59:26] laravel.ERROR: The C:\Users\radu\Desktop\side project\GXC\AB Academy\platform\backend\laravel\bootstrap\cache directory must be present and writable. {"exception":"[object] (Exception(code: 0): The C:\\Users\\radu\\Desktop\\side project\\GXC\\AB Academy\\platform\\backend\\laravel\\bootstrap\\cache directory must be present and writable. at C:/Users/radu/Desktop/side project/GXC/AB Academy/platform/backend/laravel/vendor/laravel/framework/src/Illuminate/Foundation/PackageManifest.php:178)
[stacktrace]
#0 C:/Users/radu/Desktop/side project/GXC/AB Academy/platform/backend/laravel/vendor/laravel/framework/src/Illuminate/Foundation/PackageManifest.php(131): Illuminate/Foundation/PackageManifest->write(Array)
#1 C:/Users/radu/Desktop/side project/GXC/AB Academy/platform/backend/laravel/vendor/laravel/framework/src/Illuminate/Foundation/PackageManifest.php(107): Illuminate/Foundation/PackageManifest->build()
#2 C:/Users/radu/Desktop/side project/GXC/AB Academy/platform/backend/laravel/vendor/laravel/framework/src/Illuminate/Foundation/PackageManifest.php(90): Illuminate/Foundation/PackageManifest->getManifest()
#3 C:/Users/radu/Desktop/side project/GXC/AB Academy/platform/backend/laravel/vendor/laravel/framework/src/Illuminate/Foundation/PackageManifest.php(79): Illuminate/Foundation/PackageManifest->config('aliases')
#4 C:/Users/radu/Desktop/side project/GXC/AB Academy/platform/backend/laravel/vendor/laravel/framework/src/Illuminate/Foundation/Bootstrap/RegisterFacades.php(26): Illuminate/Foundation/PackageManifest->aliases()
#5 C:/Users/radu/Desktop/side project/GXC/AB Academy/platform/backend/laravel/vendor/laravel/framework/src/Illuminate/Foundation/Application.php(286): Illuminate/Foundation/Bootstrap/RegisterFacades->bootstrap(Object(Illuminate/Foundation/Application))
#6 C:/Users/radu/Desktop/side project/GXC/AB Academy/platform/backend/laravel/vendor/laravel/framework/src/Illuminate/Foundation/Console/Kernel.php(447): Illuminate/Foundation/Application->bootstrapWith(Array)
#7 C:/Users/radu/Desktop/side project/GXC/AB Academy/platform/backend/laravel/vendor/laravel/framework/src/Illuminate/Foundation/Console/Kernel.php(199): Illuminate/Foundation/Console/Kernel->bootstrap()
#8 C:/Users/radu/Desktop/side project/GXC/AB Academy/platform/backend/laravel/artisan(12): Illuminate/Foundation/Console/Kernel->handle(Object(Symfony/Component/Console/Input/ArgvInput), Object(Symfony/Component/Console/Output/ConsoleOutput))
#9 {main}
"} 
[2026-02-07 14:59:54] laravel.EMERGENCY: Unable to create configured logger. Using emergency logger. {"exception":"[object] (InvalidArgumentException(code: 0): Log [] is not defined. at C:/Users/radu/Desktop/side project/GXC/AB Academy/platform/backend/laravel/vendor/laravel/framework/src/Illuminate/Log/LogManager.php:212)
[stacktrace]
#0 C:/Users/radu/Desktop/side project/GXC/AB Academy/platform/backend/laravel/vendor/laravel/framework/src/Illuminate/Log/LogManager.php(137): Illuminate/Log/LogManager->resolve(NULL, NULL)
#1 C:/Users/radu/Desktop/side project/GXC/AB Academy/platform/backend/laravel/vendor/laravel/framework/src/Illuminate/Log/LogManager.php(124): Illuminate/Log/LogManager->get(NULL)
#2 C:/Users/radu/Desktop/side project/GXC/AB Academy/platform/backend/laravel/vendor/laravel/framework/src/Illuminate/Log/LogManager.php(681): Illuminate/Log/LogManager->driver()
#3 C:/Users/radu/Desktop/side project/GXC/AB Academy/platform/backend/laravel/vendor/laravel/framework/src/Illuminate/Foundation/Exceptions/Handler.php(317): Illuminate/Log/LogManager->error('Target class [c...', Array)
#4 C:/Users/radu/Desktop/side project/GXC/AB Academy/platform/backend/laravel/vendor/laravel/framework/src/Illuminate/Foundation/Exceptions/Handler.php(278): Illuminate/Foundation/Exceptions/Handler->reportThrowable(Object(Illuminate/Contracts/Container/BindingResolutionException))
#5 C:/Users/radu/Desktop/side project/GXC/AB Academy/platform/backend/laravel/vendor/laravel/framework/src/Illuminate/Foundation/Console/Kernel.php(523): Illuminate/Foundation/Exceptions/Handler->report(Object(Illuminate/Contracts/Container/BindingResolutionException))
#6 C:/Users/radu/Desktop/side project/GXC/AB Academy/platform/backend/laravel/vendor/laravel/framework/src/Illuminate/Foundation/Console/Kernel.php(203): Illuminate/Foundation/Console/Kernel->reportException(Object(Illuminate/Contracts/Container/BindingResolutionException))
#7 C:/Users/radu/Desktop/side project/GXC/AB Academy/platform/backend/laravel/artisan(12): Illuminate/Foundation/Console/Kernel->handle(Object(Symfony/Component/Console/Input/ArgvInput), Object(Symfony/Component/Console/Output/ConsoleOutput))
#8 {main}
"} 
[2026-02-07 14:59:54] laravel.ERROR: Target class [cache.store] does not exist. {"exception":"[object] (Illuminate\\Contracts\\Container\\BindingResolutionException(code: 0): Target class [cache.store] does not exist. at C:/Users/radu/Desktop/side project/GXC/AB Academy/platform/backend/laravel/vendor/laravel/framework/src/Illuminate/Container/Container.php:914)
[stacktrace]
#0 C:/Users/radu/Desktop/side project/GXC/AB Academy/platform/backend/laravel/vendor/laravel/framework/src/Illuminate/Container/Container.php(795): Illuminate/Container/Container->build('cache.store')
#1 C:/Users/radu/Desktop/side project/GXC/AB Academy/platform/backend/laravel/vendor/laravel/framework/src/Illuminate/Foundation/Application.php(986): Illuminate/Container/Container->resolve('cache.store', Array, true)
#2 C:/Users/radu/Desktop/side project/GXC/AB Academy/platform/backend/laravel/vendor/laravel/framework/src/Illuminate/Container/Container.php(731): Illuminate/Foundation/Application->resolve('cache.store', Array)
#3 C:/Users/radu/Desktop/side project/GXC/AB Academy/platform/backend/laravel/vendor/laravel/framework/src/Illuminate/Foundation/Application.php(971): Illuminate/Container/Container->make('cache.store', Array)
#4 C:/Users/radu/Desktop/side project/GXC/AB Academy/platform/backend/laravel/vendor/laravel/framework/src/Illuminate/Container/Container.php(1066): Illuminate/Foundation/Application->make('cache.store')
#5 C:/Users/radu/Desktop/side project/GXC/AB Academy/platform/backend/laravel/vendor/laravel/framework/src/Illuminate/Container/Container.php(982): Illuminate/Container/Container->resolveClass(Object(ReflectionParameter))
#6 C:/Users/radu/Desktop/side project/GXC/AB Academy/platform/backend/laravel/vendor/laravel/framework/src/Illuminate/Container/Container.php(943): Illuminate/Container/Container->resolveDependencies(Array)
#7 C:/Users/radu/Desktop/side project/GXC/AB Academy/platform/backend/laravel/vendor/laravel/framework/src/Illuminate/Container/Container.php(795): Illuminate/Container/Container->build('Illuminate//Cach...')
#8 C:/Users/radu/Desktop/side project/GXC/AB Academy/platform/backend/laravel/vendor/laravel/framework/src/Illuminate/Foundation/Application.php(986): Illuminate/Container/Container->resolve('Illuminate//Cach...', Array, true)
#9 C:/Users/radu/Desktop/side project/GXC/AB Academy/platform/backend/laravel/vendor/laravel/framework/src/Illuminate/Container/Container.php(731): Illuminate/Foundation/Application->resolve('Illuminate//Cach...', Array)
#10 C:/Users/radu/Desktop/side project/GXC/AB Academy/platform/backend/laravel/vendor/laravel/framework/src/Illuminate/Foundation/Application.php(971): Illuminate/Container/Container->make('Illuminate//Cach...', Array)
#11 C:/Users/radu/Desktop/side project/GXC/AB Academy/platform/backend/laravel/vendor/laravel/framework/src/Illuminate/Container/Container.php(1454): Illuminate/Foundation/Application->make('Illuminate//Cach...')
#12 C:/Users/radu/Desktop/side project/GXC/AB Academy/platform/backend/laravel/vendor/laravel/framework/src/Illuminate/Support/Facades/Facade.php(237): Illuminate/Container/Container->offsetGet('Illuminate//Cach...')
#13 C:/Users/radu/Desktop/side project/GXC/AB Academy/platform/backend/laravel/vendor/laravel/framework/src/Illuminate/Support/Facades/Facade.php(208): Illuminate/Support/Facades/Facade::resolveFacadeInstance('Illuminate//Cach...')
#14 C:/Users/radu/Desktop/side project/GXC/AB Academy/platform/backend/laravel/vendor/laravel/framework/src/Illuminate/Support/Facades/Facade.php(349): Illuminate/Support/Facades/Facade::getFacadeRoot()
#15 C:/Users/radu/Desktop/side project/GXC/AB Academy/platform/backend/laravel/app/Providers/RouteServiceProvider.php(28): Illuminate/Support/Facades/Facade::__callStatic('for', Array)
#16 C:/Users/radu/Desktop/side project/GXC/AB Academy/platform/backend/laravel/app/Providers/RouteServiceProvider.php(17): App/Providers/RouteServiceProvider->configureRateLimiting()
#17 C:/Users/radu/Desktop/side project/GXC/AB Academy/platform/backend/laravel/vendor/laravel/framework/src/Illuminate/Container/BoundMethod.php(36): App/Providers/RouteServiceProvider->boot()
#18 C:/Users/radu/Desktop/side project/GXC/AB Academy/platform/backend/laravel/vendor/laravel/framework/src/Illuminate/Container/Util.php(41): Illuminate/Container/BoundMethod::{closure:Illuminate/Container/BoundMethod::call():35}()
#19 C:/Users/radu/Desktop/side project/GXC/AB Academy/platform/backend/laravel/vendor/laravel/framework/src/Illuminate/Container/BoundMethod.php(93): Illuminate/Container/Util::unwrapIfClosure(Object(Closure))
#20 C:/Users/radu/Desktop/side project/GXC/AB Academy/platform/backend/laravel/vendor/laravel/framework/src/Illuminate/Container/BoundMethod.php(35): Illuminate/Container/BoundMethod::callBoundMethod(Object(Illuminate/Foundation/Application), Array, Object(Closure))
#21 C:/Users/radu/Desktop/side project/GXC/AB Academy/platform/backend/laravel/vendor/laravel/framework/src/Illuminate/Container/Container.php(662): Illuminate/Container/BoundMethod::call(Object(Illuminate/Foundation/Application), Array, Array, NULL)
#22 C:/Users/radu/Desktop/side project/GXC/AB Academy/platform/backend/laravel/vendor/laravel/framework/src/Illuminate/Foundation/Application.php(1059): Illuminate/Container/Container->call(Array)
#23 C:/Users/radu/Desktop/side project/GXC/AB Academy/platform/backend/laravel/vendor/laravel/framework/src/Illuminate/Foundation/Application.php(1040): Illuminate/Foundation/Application->bootProvider(Object(App/Providers/RouteServiceProvider))
#24 [internal function]: Illuminate/Foundation/Application->{closure:Illuminate/Foundation/Application::boot():1039}(Object(App/Providers/RouteServiceProvider), 8)
#25 C:/Users/radu/Desktop/side project/GXC/AB Academy/platform/backend/laravel/vendor/laravel/framework/src/Illuminate/Foundation/Application.php(1039): array_walk(Array, Object(Closure))
#26 C:/Users/radu/Desktop/side project/GXC/AB Academy/platform/backend/laravel/vendor/laravel/framework/src/Illuminate/Foundation/Bootstrap/BootProviders.php(17): Illuminate/Foundation/Application->boot()
#27 C:/Users/radu/Desktop/side project/GXC/AB Academy/platform/backend/laravel/vendor/laravel/framework/src/Illuminate/Foundation/Application.php(286): Illuminate/Foundation/Bootstrap/BootProviders->bootstrap(Object(Illuminate/Foundation/Application))
#28 C:/Users/radu/Desktop/side project/GXC/AB Academy/platform/backend/laravel/vendor/laravel/framework/src/Illuminate/Foundation/Console/Kernel.php(447): Illuminate/Foundation/Application->bootstrapWith(Array)
#29 C:/Users/radu/Desktop/side project/GXC/AB Academy/platform/backend/laravel/vendor/laravel/framework/src/Illuminate/Foundation/Console/Kernel.php(199): Illuminate/Foundation/Console/Kernel->bootstrap()
#30 C:/Users/radu/Desktop/side project/GXC/AB Academy/platform/backend/laravel/artisan(12): Illuminate/Foundation/Console/Kernel->handle(Object(Symfony/Component/Console/Input/ArgvInput), Object(Symfony/Component/Console/Output/ConsoleOutput))
#31 {main}

[previous exception] [object] (ReflectionException(code: -1): Class \"cache.store\" does not exist at C:/Users/radu/Desktop/side project/GXC/AB Academy/platform/backend/laravel/vendor/laravel/framework/src/Illuminate/Container/Container.php:912)
[stacktrace]
#0 C:/Users/radu/Desktop/side project/GXC/AB Academy/platform/backend/laravel/vendor/laravel/framework/src/Illuminate/Container/Container.php(912): ReflectionClass->__construct('cache.store')
#1 C:/Users/radu/Desktop/side project/GXC/AB Academy/platform/backend/laravel/vendor/laravel/framework/src/Illuminate/Container/Container.php(795): Illuminate/Container/Container->build('cache.store')
#2 C:/Users/radu/Desktop/side project/GXC/AB Academy/platform/backend/laravel/vendor/laravel/framework/src/Illuminate/Foundation/Application.php(986): Illuminate/Container/Container->resolve('cache.store', Array, true)
#3 C:/Users/radu/Desktop/side project/GXC/AB Academy/platform/backend/laravel/vendor/laravel/framework/src/Illuminate/Container/Container.php(731): Illuminate/Foundation/Application->resolve('cache.store', Array)
#4 C:/Users/radu/Desktop/side project/GXC/AB Academy/platform/backend/laravel/vendor/laravel/framework/src/Illuminate/Foundation/Application.php(971): Illuminate/Container/Container->make('cache.store', Array)
#5 C:/Users/radu/Desktop/side project/GXC/AB Academy/platform/backend/laravel/vendor/laravel/framework/src/Illuminate/Container/Container.php(1066): Illuminate/Foundation/Application->make('cache.store')
#6 C:/Users/radu/Desktop/side project/GXC/AB Academy/platform/backend/laravel/vendor/laravel/framework/src/Illuminate/Container/Container.php(982): Illuminate/Container/Container->resolveClass(Object(ReflectionParameter))
#7 C:/Users/radu/Desktop/side project/GXC/AB Academy/platform/backend/laravel/vendor/laravel/framework/src/Illuminate/Container/Container.php(943): Illuminate/Container/Container->resolveDependencies(Array)
#8 C:/Users/radu/Desktop/side project/GXC/AB Academy/platform/backend/laravel/vendor/laravel/framework/src/Illuminate/Container/Container.php(795): Illuminate/Container/Container->build('Illuminate//Cach...')
#9 C:/Users/radu/Desktop/side project/GXC/AB Academy/platform/backend/laravel/vendor/laravel/framework/src/Illuminate/Foundation/Application.php(986): Illuminate/Container/Container->resolve('Illuminate//Cach...', Array, true)
#10 C:/Users/radu/Desktop/side project/GXC/AB Academy/platform/backend/laravel/vendor/laravel/framework/src/Illuminate/Container/Container.php(731): Illuminate/Foundation/Application->resolve('Illuminate//Cach...', Array)
#11 C:/Users/radu/Desktop/side project/GXC/AB Academy/platform/backend/laravel/vendor/laravel/framework/src/Illuminate/Foundation/Application.php(971): Illuminate/Container/Container->make('Illuminate//Cach...', Array)
#12 C:/Users/radu/Desktop/side project/GXC/AB Academy/platform/backend/laravel/vendor/laravel/framework/src/Illuminate/Container/Container.php(1454): Illuminate/Foundation/Application->make('Illuminate//Cach...')
#13 C:/Users/radu/Desktop/side project/GXC/AB Academy/platform/backend/laravel/vendor/laravel/framework/src/Illuminate/Support/Facades/Facade.php(237): Illuminate/Container/Container->offsetGet('Illuminate//Cach...')
#14 C:/Users/radu/Desktop/side project/GXC/AB Academy/platform/backend/laravel/vendor/laravel/framework/src/Illuminate/Support/Facades/Facade.php(208): Illuminate/Support/Facades/Facade::resolveFacadeInstance('Illuminate//Cach...')
#15 C:/Users/radu/Desktop/side project/GXC/AB Academy/platform/backend/laravel/vendor/laravel/framework/src/Illuminate/Support/Facades/Facade.php(349): Illuminate/Support/Facades/Facade::getFacadeRoot()
#16 C:/Users/radu/Desktop/side project/GXC/AB Academy/platform/backend/laravel/app/Providers/RouteServiceProvider.php(28): Illuminate/Support/Facades/Facade::__callStatic('for', Array)
#17 C:/Users/radu/Desktop/side project/GXC/AB Academy/platform/backend/laravel/app/Providers/RouteServiceProvider.php(17): App/Providers/RouteServiceProvider->configureRateLimiting()
#18 C:/Users/radu/Desktop/side project/GXC/AB Academy/platform/backend/laravel/vendor/laravel/framework/src/Illuminate/Container/BoundMethod.php(36): App/Providers/RouteServiceProvider->boot()
#19 C:/Users/radu/Desktop/side project/GXC/AB Academy/platform/backend/laravel/vendor/laravel/framework/src/Illuminate/Container/Util.php(41): Illuminate/Container/BoundMethod::{closure:Illuminate/Container/BoundMethod::call():35}()
#20 C:/Users/radu/Desktop/side project/GXC/AB Academy/platform/backend/laravel/vendor/laravel/framework/src/Illuminate/Container/BoundMethod.php(93): Illuminate/Container/Util::unwrapIfClosure(Object(Closure))
#21 C:/Users/radu/Desktop/side project/GXC/AB Academy/platform/backend/laravel/vendor/laravel/framework/src/Illuminate/Container/BoundMethod.php(35): Illuminate/Container/BoundMethod::callBoundMethod(Object(Illuminate/Foundation/Application), Array, Object(Closure))
#22 C:/Users/radu/Desktop/side project/GXC/AB Academy/platform/backend/laravel/vendor/laravel/framework/src/Illuminate/Container/Container.php(662): Illuminate/Container/BoundMethod::call(Object(Illuminate/Foundation/Application), Array, Array, NULL)
#23 C:/Users/radu/Desktop/side project/GXC/AB Academy/platform/backend/laravel/vendor/laravel/framework/src/Illuminate/Foundation/Application.php(1059): Illuminate/Container/Container->call(Array)
#24 C:/Users/radu/Desktop/side project/GXC/AB Academy/platform/backend/laravel/vendor/laravel/framework/src/Illuminate/Foundation/Application.php(1040): Illuminate/Foundation/Application->bootProvider(Object(App/Providers/RouteServiceProvider))
#25 [internal function]: Illuminate/Foundation/Application->{closure:Illuminate/Foundation/Application::boot():1039}(Object(App/Providers/RouteServiceProvider), 8)
#26 C:/Users/radu/Desktop/side project/GXC/AB Academy/platform/backend/laravel/vendor/laravel/framework/src/Illuminate/Foundation/Application.php(1039): array_walk(Array, Object(Closure))
#27 C:/Users/radu/Desktop/side project/GXC/AB Academy/platform/backend/laravel/vendor/laravel/framework/src/Illuminate/Foundation/Bootstrap/BootProviders.php(17): Illuminate/Foundation/Application->boot()
#28 C:/Users/radu/Desktop/side project/GXC/AB Academy/platform/backend/laravel/vendor/laravel/framework/src/Illuminate/Foundation/Application.php(286): Illuminate/Foundation/Bootstrap/BootProviders->bootstrap(Object(Illuminate/Foundation/Application))
#29 C:/Users/radu/Desktop/side project/GXC/AB Academy/platform/backend/laravel/vendor/laravel/framework/src/Illuminate/Foundation/Console/Kernel.php(447): Illuminate/Foundation/Application->bootstrapWith(Array)
#30 C:/Users/radu/Desktop/side project/GXC/AB Academy/platform/backend/laravel/vendor/laravel/framework/src/Illuminate/Foundation/Console/Kernel.php(199): Illuminate/Foundation/Console/Kernel->bootstrap()
#31 C:/Users/radu/Desktop/side project/GXC/AB Academy/platform/backend/laravel/artisan(12): Illuminate/Foundation/Console/Kernel->handle(Object(Symfony/Component/Console/Input/ArgvInput), Object(Symfony/Component/Console/Output/ConsoleOutput))
#32 {main}
"} 
[2026-02-07 15:00:21] local.ERROR: Target class [cache.store] does not exist. {"exception":"[object] (Illuminate\\Contracts\\Container\\BindingResolutionException(code: 0): Target class [cache.store] does not exist. at C:/Users/radu/Desktop/side project/GXC/AB Academy/platform/backend/laravel/vendor/laravel/framework/src/Illuminate/Container/Container.php:914)
[stacktrace]
#0 C:/Users/radu/Desktop/side project/GXC/AB Academy/platform/backend/laravel/vendor/laravel/framework/src/Illuminate/Container/Container.php(795): Illuminate/Container/Container->build('cache.store')
#1 C:/Users/radu/Desktop/side project/GXC/AB Academy/platform/backend/laravel/vendor/laravel/framework/src/Illuminate/Foundation/Application.php(986): Illuminate/Container/Container->resolve('cache.store', Array, true)
#2 C:/Users/radu/Desktop/side project/GXC/AB Academy/platform/backend/laravel/vendor/laravel/framework/src/Illuminate/Container/Container.php(731): Illuminate/Foundation/Application->resolve('cache.store', Array)
#3 C:/Users/radu/Desktop/side project/GXC/AB Academy/platform/backend/laravel/vendor/laravel/framework/src/Illuminate/Foundation/Application.php(971): Illuminate/Container/Container->make('cache.store', Array)
#4 C:/Users/radu/Desktop/side project/GXC/AB Academy/platform/backend/laravel/vendor/laravel/framework/src/Illuminate/Container/Container.php(1066): Illuminate/Foundation/Application->make('cache.store')
#5 C:/Users/radu/Desktop/side project/GXC/AB Academy/platform/backend/laravel/vendor/laravel/framework/src/Illuminate/Container/Container.php(982): Illuminate/Container/Container->resolveClass(Object(ReflectionParameter))
#6 C:/Users/radu/Desktop/side project/GXC/AB Academy/platform/backend/laravel/vendor/laravel/framework/src/Illuminate/Container/Container.php(943): Illuminate/Container/Container->resolveDependencies(Array)
#7 C:/Users/radu/Desktop/side project/GXC/AB Academy/platform/backend/laravel/vendor/laravel/framework/src/Illuminate/Container/Container.php(795): Illuminate/Container/Container->build('Illuminate//Cach...')
#8 C:/Users/radu/Desktop/side project/GXC/AB Academy/platform/backend/laravel/vendor/laravel/framework/src/Illuminate/Foundation/Application.php(986): Illuminate/Container/Container->resolve('Illuminate//Cach...', Array, true)
#9 C:/Users/radu/Desktop/side project/GXC/AB Academy/platform/backend/laravel/vendor/laravel/framework/src/Illuminate/Container/Container.php(731): Illuminate/Foundation/Application->resolve('Illuminate//Cach...', Array)
#10 C:/Users/radu/Desktop/side project/GXC/AB Academy/platform/backend/laravel/vendor/laravel/framework/src/Illuminate/Foundation/Application.php(971): Illuminate/Container/Container->make('Illuminate//Cach...', Array)
#11 C:/Users/radu/Desktop/side project/GXC/AB Academy/platform/backend/laravel/vendor/laravel/framework/src/Illuminate/Container/Container.php(1454): Illuminate/Foundation/Application->make('Illuminate//Cach...')
#12 C:/Users/radu/Desktop/side project/GXC/AB Academy/platform/backend/laravel/vendor/laravel/framework/src/Illuminate/Support/Facades/Facade.php(237): Illuminate/Container/Container->offsetGet('Illuminate//Cach...')
#13 C:/Users/radu/Desktop/side project/GXC/AB Academy/platform/backend/laravel/vendor/laravel/framework/src/Illuminate/Support/Facades/Facade.php(208): Illuminate/Support/Facades/Facade::resolveFacadeInstance('Illuminate//Cach...')
#14 C:/Users/radu/Desktop/side project/GXC/AB Academy/platform/backend/laravel/vendor/laravel/framework/src/Illuminate/Support/Facades/Facade.php(349): Illuminate/Support/Facades/Facade::getFacadeRoot()
#15 C:/Users/radu/Desktop/side project/GXC/AB Academy/platform/backend/laravel/app/Providers/RouteServiceProvider.php(28): Illuminate/Support/Facades/Facade::__callStatic('for', Array)
#16 C:/Users/radu/Desktop/side project/GXC/AB Academy/platform/backend/laravel/app/Providers/RouteServiceProvider.php(17): App/Providers/RouteServiceProvider->configureRateLimiting()
#17 C:/Users/radu/Desktop/side project/GXC/AB Academy/platform/backend/laravel/vendor/laravel/framework/src/Illuminate/Container/BoundMethod.php(36): App/Providers/RouteServiceProvider->boot()
#18 C:/Users/radu/Desktop/side project/GXC/AB Academy/platform/backend/laravel/vendor/laravel/framework/src/Illuminate/Container/Util.php(41): Illuminate/Container/BoundMethod::{closure:Illuminate/Container/BoundMethod::call():35}()
#19 C:/Users/radu/Desktop/side project/GXC/AB Academy/platform/backend/laravel/vendor/laravel/framework/src/Illuminate/Container/BoundMethod.php(93): Illuminate/Container/Util::unwrapIfClosure(Object(Closure))
#20 C:/Users/radu/Desktop/side project/GXC/AB Academy/platform/backend/laravel/vendor/laravel/framework/src/Illuminate/Container/BoundMethod.php(35): Illuminate/Container/BoundMethod::callBoundMethod(Object(Illuminate/Foundation/Application), Array, Object(Closure))
#21 C:/Users/radu/Desktop/side project/GXC/AB Academy/platform/backend/laravel/vendor/laravel/framework/src/Illuminate/Container/Container.php(662): Illuminate/Container/BoundMethod::call(Object(Illuminate/Foundation/Application), Array, Array, NULL)
#22 C:/Users/radu/Desktop/side project/GXC/AB Academy/platform/backend/laravel/vendor/laravel/framework/src/Illuminate/Foundation/Application.php(1059): Illuminate/Container/Container->call(Array)
#23 C:/Users/radu/Desktop/side project/GXC/AB Academy/platform/backend/laravel/vendor/laravel/framework/src/Illuminate/Foundation/Application.php(1040): Illuminate/Foundation/Application->bootProvider(Object(App/Providers/RouteServiceProvider))
#24 [internal function]: Illuminate/Foundation/Application->{closure:Illuminate/Foundation/Application::boot():1039}(Object(App/Providers/RouteServiceProvider), 8)
#25 C:/Users/radu/Desktop/side project/GXC/AB Academy/platform/backend/laravel/vendor/laravel/framework/src/Illuminate/Foundation/Application.php(1039): array_walk(Array, Object(Closure))
#26 C:/Users/radu/Desktop/side project/GXC/AB Academy/platform/backend/laravel/vendor/laravel/framework/src/Illuminate/Foundation/Bootstrap/BootProviders.php(17): Illuminate/Foundation/Application->boot()
#27 C:/Users/radu/Desktop/side project/GXC/AB Academy/platform/backend/laravel/vendor/laravel/framework/src/Illuminate/Foundation/Application.php(286): Illuminate/Foundation/Bootstrap/BootProviders->bootstrap(Object(Illuminate/Foundation/Application))
#28 C:/Users/radu/Desktop/side project/GXC/AB Academy/platform/backend/laravel/vendor/laravel/framework/src/Illuminate/Foundation/Console/Kernel.php(447): Illuminate/Foundation/Application->bootstrapWith(Array)
#29 C:/Users/radu/Desktop/side project/GXC/AB Academy/platform/backend/laravel/vendor/laravel/framework/src/Illuminate/Foundation/Console/Kernel.php(199): Illuminate/Foundation/Console/Kernel->bootstrap()
#30 C:/Users/radu/Desktop/side project/GXC/AB Academy/platform/backend/laravel/artisan(12): Illuminate/Foundation/Console/Kernel->handle(Object(Symfony/Component/Console/Input/ArgvInput), Object(Symfony/Component/Console/Output/ConsoleOutput))
#31 {main}

[previous exception] [object] (ReflectionException(code: -1): Class \"cache.store\" does not exist at C:/Users/radu/Desktop/side project/GXC/AB Academy/platform/backend/laravel/vendor/laravel/framework/src/Illuminate/Container/Container.php:912)
[stacktrace]
#0 C:/Users/radu/Desktop/side project/GXC/AB Academy/platform/backend/laravel/vendor/laravel/framework/src/Illuminate/Container/Container.php(912): ReflectionClass->__construct('cache.store')
#1 C:/Users/radu/Desktop/side project/GXC/AB Academy/platform/backend/laravel/vendor/laravel/framework/src/Illuminate/Container/Container.php(795): Illuminate/Container/Container->build('cache.store')
#2 C:/Users/radu/Desktop/side project/GXC/AB Academy/platform/backend/laravel/vendor/laravel/framework/src/Illuminate/Foundation/Application.php(986): Illuminate/Container/Container->resolve('cache.store', Array, true)
#3 C:/Users/radu/Desktop/side project/GXC/AB Academy/platform/backend/laravel/vendor/laravel/framework/src/Illuminate/Container/Container.php(731): Illuminate/Foundation/Application->resolve('cache.store', Array)
#4 C:/Users/radu/Desktop/side project/GXC/AB Academy/platform/backend/laravel/vendor/laravel/framework/src/Illuminate/Foundation/Application.php(971): Illuminate/Container/Container->make('cache.store', Array)
#5 C:/Users/radu/Desktop/side project/GXC/AB Academy/platform/backend/laravel/vendor/laravel/framework/src/Illuminate/Container/Container.php(1066): Illuminate/Foundation/Application->make('cache.store')
#6 C:/Users/radu/Desktop/side project/GXC/AB Academy/platform/backend/laravel/vendor/laravel/framework/src/Illuminate/Container/Container.php(982): Illuminate/Container/Container->resolveClass(Object(ReflectionParameter))
#7 C:/Users/radu/Desktop/side project/GXC/AB Academy/platform/backend/laravel/vendor/laravel/framework/src/Illuminate/Container/Container.php(943): Illuminate/Container/Container->resolveDependencies(Array)
#8 C:/Users/radu/Desktop/side project/GXC/AB Academy/platform/backend/laravel/vendor/laravel/framework/src/Illuminate/Container/Container.php(795): Illuminate/Container/Container->build('Illuminate//Cach...')
#9 C:/Users/radu/Desktop/side project/GXC/AB Academy/platform/backend/laravel/vendor/laravel/framework/src/Illuminate/Foundation/Application.php(986): Illuminate/Container/Container->resolve('Illuminate//Cach...', Array, true)
#10 C:/Users/radu/Desktop/side project/GXC/AB Academy/platform/backend/laravel/vendor/laravel/framework/src/Illuminate/Container/Container.php(731): Illuminate/Foundation/Application->resolve('Illuminate//Cach...', Array)
#11 C:/Users/radu/Desktop/side project/GXC/AB Academy/platform/backend/laravel/vendor/laravel/framework/src/Illuminate/Foundation/Application.php(971): Illuminate/Container/Container->make('Illuminate//Cach...', Array)
#12 C:/Users/radu/Desktop/side project/GXC/AB Academy/platform/backend/laravel/vendor/laravel/framework/src/Illuminate/Container/Container.php(1454): Illuminate/Foundation/Application->make('Illuminate//Cach...')
#13 C:/Users/radu/Desktop/side project/GXC/AB Academy/platform/backend/laravel/vendor/laravel/framework/src/Illuminate/Support/Facades/Facade.php(237): Illuminate/Container/Container->offsetGet('Illuminate//Cach...')
#14 C:/Users/radu/Desktop/side project/GXC/AB Academy/platform/backend/laravel/vendor/laravel/framework/src/Illuminate/Support/Facades/Facade.php(208): Illuminate/Support/Facades/Facade::resolveFacadeInstance('Illuminate//Cach...')
#15 C:/Users/radu/Desktop/side project/GXC/AB Academy/platform/backend/laravel/vendor/laravel/framework/src/Illuminate/Support/Facades/Facade.php(349): Illuminate/Support/Facades/Facade::getFacadeRoot()
#16 C:/Users/radu/Desktop/side project/GXC/AB Academy/platform/backend/laravel/app/Providers/RouteServiceProvider.php(28): Illuminate/Support/Facades/Facade::__callStatic('for', Array)
#17 C:/Users/radu/Desktop/side project/GXC/AB Academy/platform/backend/laravel/app/Providers/RouteServiceProvider.php(17): App/Providers/RouteServiceProvider->configureRateLimiting()
#18 C:/Users/radu/Desktop/side project/GXC/AB Academy/platform/backend/laravel/vendor/laravel/framework/src/Illuminate/Container/BoundMethod.php(36): App/Providers/RouteServiceProvider->boot()
#19 C:/Users/radu/Desktop/side project/GXC/AB Academy/platform/backend/laravel/vendor/laravel/framework/src/Illuminate/Container/Util.php(41): Illuminate/Container/BoundMethod::{closure:Illuminate/Container/BoundMethod::call():35}()
#20 C:/Users/radu/Desktop/side project/GXC/AB Academy/platform/backend/laravel/vendor/laravel/framework/src/Illuminate/Container/BoundMethod.php(93): Illuminate/Container/Util::unwrapIfClosure(Object(Closure))
#21 C:/Users/radu/Desktop/side project/GXC/AB Academy/platform/backend/laravel/vendor/laravel/framework/src/Illuminate/Container/BoundMethod.php(35): Illuminate/Container/BoundMethod::callBoundMethod(Object(Illuminate/Foundation/Application), Array, Object(Closure))
#22 C:/Users/radu/Desktop/side project/GXC/AB Academy/platform/backend/laravel/vendor/laravel/framework/src/Illuminate/Container/Container.php(662): Illuminate/Container/BoundMethod::call(Object(Illuminate/Foundation/Application), Array, Array, NULL)
#23 C:/Users/radu/Desktop/side project/GXC/AB Academy/platform/backend/laravel/vendor/laravel/framework/src/Illuminate/Foundation/Application.php(1059): Illuminate/Container/Container->call(Array)
#24 C:/Users/radu/Desktop/side project/GXC/AB Academy/platform/backend/laravel/vendor/laravel/framework/src/Illuminate/Foundation/Application.php(1040): Illuminate/Foundation/Application->bootProvider(Object(App/Providers/RouteServiceProvider))
#25 [internal function]: Illuminate/Foundation/Application->{closure:Illuminate/Foundation/Application::boot():1039}(Object(App/Providers/RouteServiceProvider), 8)
#26 C:/Users/radu/Desktop/side project/GXC/AB Academy/platform/backend/laravel/vendor/laravel/framework/src/Illuminate/Foundation/Application.php(1039): array_walk(Array, Object(Closure))
#27 C:/Users/radu/Desktop/side project/GXC/AB Academy/platform/backend/laravel/vendor/laravel/framework/src/Illuminate/Foundation/Bootstrap/BootProviders.php(17): Illuminate/Foundation/Application->boot()
#28 C:/Users/radu/Desktop/side project/GXC/AB Academy/platform/backend/laravel/vendor/laravel/framework/src/Illuminate/Foundation/Application.php(286): Illuminate/Foundation/Bootstrap/BootProviders->bootstrap(Object(Illuminate/Foundation/Application))
#29 C:/Users/radu/Desktop/side project/GXC/AB Academy/platform/backend/laravel/vendor/laravel/framework/src/Illuminate/Foundation/Console/Kernel.php(447): Illuminate/Foundation/Application->bootstrapWith(Array)
#30 C:/Users/radu/Desktop/side project/GXC/AB Academy/platform/backend/laravel/vendor/laravel/framework/src/Illuminate/Foundation/Console/Kernel.php(199): Illuminate/Foundation/Console/Kernel->bootstrap()
#31 C:/Users/radu/Desktop/side project/GXC/AB Academy/platform/backend/laravel/artisan(12): Illuminate/Foundation/Console/Kernel->handle(Object(Symfony/Component/Console/Input/ArgvInput), Object(Symfony/Component/Console/Output/ConsoleOutput))
#32 {main}
"} 
[2026-02-07 15:01:16] local.ERROR: Method Illuminate\Foundation\Console\ClosureCommand::hourly does not exist. {"exception":"[object] (BadMethodCallException(code: 0): Method Illuminate\\Foundation\\Console\\ClosureCommand::hourly does not exist. at C:/Users/radu/Desktop/side project/GXC/AB Academy/platform/backend/laravel/vendor/laravel/framework/src/Illuminate/Macroable/Traits/Macroable.php:112)
[stacktrace]
#0 C:/Users/radu/Desktop/side project/GXC/AB Academy/platform/backend/laravel/routes/console.php(8): Illuminate/Console/Command->__call('hourly', Array)
#1 C:/Users/radu/Desktop/side project/GXC/AB Academy/platform/backend/laravel/app/Console/Kernel.php(21): require('C://Users//radu//D...')
#2 C:/Users/radu/Desktop/side project/GXC/AB Academy/platform/backend/laravel/vendor/laravel/framework/src/Illuminate/Foundation/Console/Kernel.php(453): App/Console/Kernel->commands()
#3 C:/Users/radu/Desktop/side project/GXC/AB Academy/platform/backend/laravel/vendor/laravel/framework/src/Illuminate/Foundation/Console/Kernel.php(199): Illuminate/Foundation/Console/Kernel->bootstrap()
#4 C:/Users/radu/Desktop/side project/GXC/AB Academy/platform/backend/laravel/artisan(12): Illuminate/Foundation/Console/Kernel->handle(Object(Symfony/Component/Console/Input/ArgvInput), Object(Symfony/Component/Console/Output/ConsoleOutput))
#5 {main}
"} 
[2026-02-07 20:19:41] local.ERROR: Command "tinker" is not defined. {"exception":"[object] (Symfony\\Component\\Console\\Exception\\CommandNotFoundException(code: 0): Command \"tinker\" is not defined. at C:/Users/radu/Desktop/side project/GXC/AB Academy/platform/backend/laravel/vendor/symfony/console/Application.php:745)
[stacktrace]
#0 C:/Users/radu/Desktop/side project/GXC/AB Academy/platform/backend/laravel/vendor/symfony/console/Application.php(266): Symfony/Component/Console/Application->find('tinker')
#1 C:/Users/radu/Desktop/side project/GXC/AB Academy/platform/backend/laravel/vendor/symfony/console/Application.php(175): Symfony/Component/Console/Application->doRun(Object(Symfony/Component/Console/Input/ArgvInput), Object(Symfony/Component/Console/Output/ConsoleOutput))
#2 C:/Users/radu/Desktop/side project/GXC/AB Academy/platform/backend/laravel/vendor/laravel/framework/src/Illuminate/Foundation/Console/Kernel.php(201): Symfony/Component/Console/Application->run(Object(Symfony/Component/Console/Input/ArgvInput), Object(Symfony/Component/Console/Output/ConsoleOutput))
#3 C:/Users/radu/Desktop/side project/GXC/AB Academy/platform/backend/laravel/artisan(12): Illuminate/Foundation/Console/Kernel->handle(Object(Symfony/Component/Console/Input/ArgvInput), Object(Symfony/Component/Console/Output/ConsoleOutput))
#4 {main}
"} 
[2026-02-07 20:21:14] local.ERROR: Command "tinker" is not defined. {"exception":"[object] (Symfony\\Component\\Console\\Exception\\CommandNotFoundException(code: 0): Command \"tinker\" is not defined. at C:/Users/radu/Desktop/side project/GXC/AB Academy/platform/backend/laravel/vendor/symfony/console/Application.php:745)
[stacktrace]
#0 C:/Users/radu/Desktop/side project/GXC/AB Academy/platform/backend/laravel/vendor/symfony/console/Application.php(266): Symfony/Component/Console/Application->find('tinker')
#1 C:/Users/radu/Desktop/side project/GXC/AB Academy/platform/backend/laravel/vendor/symfony/console/Application.php(175): Symfony/Component/Console/Application->doRun(Object(Symfony/Component/Console/Input/ArgvInput), Object(Symfony/Component/Console/Output/ConsoleOutput))
#2 C:/Users/radu/Desktop/side project/GXC/AB Academy/platform/backend/laravel/vendor/laravel/framework/src/Illuminate/Foundation/Console/Kernel.php(201): Symfony/Component/Console/Application->run(Object(Symfony/Component/Console/Input/ArgvInput), Object(Symfony/Component/Console/Output/ConsoleOutput))
#3 C:/Users/radu/Desktop/side project/GXC/AB Academy/platform/backend/laravel/artisan(12): Illuminate/Foundation/Console/Kernel->handle(Object(Symfony/Component/Console/Input/ArgvInput), Object(Symfony/Component/Console/Output/ConsoleOutput))
#4 {main}
"} 
[2026-02-07 20:37:22] local.ERROR: Class "DB" not found {"exception":"[object] (Error(code: 0): Class \"DB\" not found at C:/Users/radu/Desktop/side project/GXC/AB Academy/platform/backend/laravel/test-db.php:25)
[stacktrace]
#0 {main}
"} 
